<?xml version="1.0" encoding="UTF-8"?>
<!-- Generated by org.testng.reporters.JUnitXMLReporter -->
<testsuite hostname="Is-MacBook-Pro" ignored="0" name="Hotels Functional Regression Test" tests="4" failures="0" timestamp="2020-08-03T15:45:01 CDT" time="218.799" errors="0">
  <testcase name="@BeforeTest setUp" time="208.642" classname="com.qa.hotels.tests.ThreeStarsTestPage">
    <failure type="org.openqa.selenium.TimeoutException" message="Expected condition failed: waiting for presence of any elements located by By.xpath: //*[@data-date=&amp;apos;2020-7-4&amp;apos;] (tried for 200 second(s) with 500 milliseconds interval)">
      <![CDATA[org.openqa.selenium.TimeoutException: Expected condition failed: waiting for presence of any elements located by By.xpath: //*[@data-date='2020-7-4'] (tried for 200 second(s) with 500 milliseconds interval)
at org.openqa.selenium.support.ui.WebDriverWait.timeoutException(WebDriverWait.java:95)
at org.openqa.selenium.support.ui.FluentWait.until(FluentWait.java:272)
at com.qa.hotels.utils.ElementUtil.waitForElementPresent(ElementUtil.java:71)
at com.qa.hotels.pages.MainPage.selectRequirements(MainPage.java:47)
at com.qa.hotels.pages.MainPage.goToThreeStarsPage(MainPage.java:83)
at com.qa.hotels.tests.ThreeStarsTestPage.setUp(ThreeStarsTestPage.java:34)
Caused by: org.openqa.selenium.NoSuchWindowException: no such window: target window already closed
from unknown error: web view not found
  (Session info: chrome=84.0.4147.105)
Build info: version: '3.141.59', revision: 'e82be7d358', time: '2018-11-14T08:17:03'
System info: host: 'Is-MacBook-Pro', ip: '2605:6000:1523:85a4:51ba:501:6774:f42b%en0', os.name: 'Mac OS X', os.arch: 'x86_64', os.version: '10.15.5', java.version: '1.8.0_221'
Driver info: org.openqa.selenium.chrome.ChromeDriver
Capabilities {acceptInsecureCerts: false, browserName: chrome, browserVersion: 84.0.4147.105, chrome: {chromedriverVersion: 84.0.4147.30 (48b3e868b4cc0..., userDataDir: /var/folders/08/xlv138yd1xb...}, goog:chromeOptions: {debuggerAddress: localhost:53115}, javascriptEnabled: true, networkConnectionEnabled: false, pageLoadStrategy: normal, platform: MAC, platformName: MAC, proxy: Proxy(), setWindowRect: true, strictFileInteractability: false, timeouts: {implicit: 0, pageLoad: 300000, script: 30000}, unhandledPromptBehavior: dismiss and notify, webauthn:virtualAuthenticators: true}
Session ID: f54696b90fdaa40dd81763b881434bc8
*** Element info: {Using=xpath, value=//*[@data-date='2020-7-4']}
at org.openqa.selenium.remote.http.W3CHttpResponseCodec.createException(W3CHttpResponseCodec.java:187)
at org.openqa.selenium.remote.http.W3CHttpResponseCodec.decode(W3CHttpResponseCodec.java:122)
at org.openqa.selenium.remote.http.W3CHttpResponseCodec.decode(W3CHttpResponseCodec.java:49)
at org.openqa.selenium.remote.HttpCommandExecutor.execute(HttpCommandExecutor.java:158)
at org.openqa.selenium.remote.service.DriverCommandExecutor.execute(DriverCommandExecutor.java:83)
at org.openqa.selenium.remote.RemoteWebDriver.execute(RemoteWebDriver.java:552)
at org.openqa.selenium.remote.RemoteWebDriver.findElements(RemoteWebDriver.java:353)
at org.openqa.selenium.remote.RemoteWebDriver.findElementsByXPath(RemoteWebDriver.java:432)
at org.openqa.selenium.By$ByXPath.findElements(By.java:348)
at org.openqa.selenium.remote.RemoteWebDriver.findElements(RemoteWebDriver.java:311)
at org.openqa.selenium.support.ui.ExpectedConditions$11.apply(ExpectedConditions.java:328)
at org.openqa.selenium.support.ui.ExpectedConditions$11.apply(ExpectedConditions.java:325)
at org.openqa.selenium.support.ui.FluentWait.until(FluentWait.java:249)
... 28 more
... Removed 27 stack frames]]>
    </failure>
  </testcase> <!-- @BeforeTest setUp -->
  <testcase name="@AfterTest tearDown" time="-1.596487501913E9" classname="com.qa.hotels.tests.MainPageTest">
    <skipped/>
  </testcase> <!-- @AfterTest tearDown -->
  <testcase name="@AfterTest tearDown" time="-1.596487501915E9" classname="com.qa.hotels.tests.ThreeStarsTestPage">
    <skipped/>
  </testcase> <!-- @AfterTest tearDown -->
  <testcase name="verifyThreeStarSizeTest" time="0.0" classname="com.qa.hotels.tests.ThreeStarsTestPage">
    <skipped/>
  </testcase> <!-- verifyThreeStarSizeTest -->
  <testcase name="verifySelectRequeriments" time="0.0" classname="com.qa.hotels.tests.MainPageTest">
    <skipped/>
  </testcase> <!-- verifySelectRequeriments -->
  <testcase name="verifyIsThree" time="0.0" classname="com.qa.hotels.tests.ThreeStarsTestPage">
    <skipped/>
  </testcase> <!-- verifyIsThree -->
  <testcase name="verifyMainPageTitle" time="0.0" classname="com.qa.hotels.tests.MainPageTest">
    <skipped/>
  </testcase> <!-- verifyMainPageTitle -->
</testsuite> <!-- Hotels Functional Regression Test -->
